0, 0.037065001462953134
1, 0.0373821367863619
2, 0.0373821367863619
3, 0.037079993138685506
4, 0.03769761253578784
5, 0.038540794832150976
6, 0.037621995378446696
7, 0.0394246484149566
8, 0.03910543157667279
9, 0.03786063103278999
10, 0.039458791664661645
11, 0.03878418418890682
12, 0.03876213841907028
13, 0.040307510067681324
14, 0.03941689162999281
15, 0.04125331682520477
16, 0.04139233302748685
17, 0.040771438860110004
18, 0.04074922639428974
19, 0.0402611639614108
20, 0.040020094662490645
21, 0.03830760934309801
22, 0.03805655381162148
23, 0.03796336059556011
24, 0.038059081444072954
25, 0.038885873157148886
26, 0.03831129074738104
27, 0.038180015935963214
28, 0.03798394959341885
29, 0.03776676257807814
30, 0.037977196352235724
31, 0.03883970307679544
32, 0.03713625965182797
33, 0.03707223994287379
34, 0.03674419732924664
35, 0.036218632645772776
36, 0.0364134474903461
37, 0.037519784426441355
38, 0.03714631350771327
39, 0.03486859507890865
40, 0.03430831248500508
41, 0.0359621047244173
42, 0.03611227759439997
43, 0.03625961770338093
44, 0.03656130478354969
45, 0.03740302095947351
46, 0.03876054411738326
47, 0.04027230890437307
48, 0.04023969609012491
49, 0.040923040488304085
50, 0.03981040808880414
51, 0.03992590171151658
52, 0.0398311994639426
53, 0.03867002765122517
54, 0.03699989477491273
55, 0.03674011131592485
56, 0.03672040322394157
57, 0.036284018022897414
58, 0.03764102526501875
59, 0.03608270571197773
60, 0.03478968709426586
61, 0.03466443034072114
62, 0.03477786054872688
63, 0.03503085004949887
64, 0.03578242518048536
65, 0.035740313300866605
66, 0.03715975367699281
67, 0.03706105773331909
68, 0.03622749195576768
69, 0.036087930271510686
70, 0.03564586699862307
71, 0.035150875306732034
72, 0.03526154981017805
73, 0.035565153917040106
74, 0.03563028072256243
75, 0.035543993882573184
76, 0.036124902042714055
77, 0.03653551746176875
78, 0.03702092109075325
79, 0.03719935424895507
80, 0.03750398808243618
81, 0.03699122856564057
82, 0.036142310397610185
83, 0.03597723768967374
84, 0.03652701831190858
85, 0.03510023306866415
86, 0.03666434623153034
87, 0.036304409987306274
88, 0.03779237713095775
89, 0.0366507757589245
90, 0.03639500136018747
91, 0.036300972132804074
92, 0.03826107443793662
93, 0.03826107443793662
94, 0.03849975035071645
95, 0.03896649851225211
96, 0.042005627403574455
97, 0.04225392534957082
98, 0.041710716917629245
99, 0.03981947027756031
100, 0.03964322354914358
101, 0.03851949497297981
102, 0.0397117923005226
103, 0.0374078475453849
104, 0.03752752856241548
105, 0.03839837904830413
106, 0.039115005843342404
107, 0.03815853766958824
108, 0.03861408500684712
109, 0.03979479257177487
110, 0.038470733372435596
111, 0.037194275084608125
112, 0.036144331523068146
113, 0.03595348710588614
114, 0.03695133177102326
115, 0.037847509691185936
116, 0.03914971410588997
117, 0.038628273816232545
118, 0.04029660970557759
119, 0.04051310520842657
120, 0.04106548177257801
121, 0.041811062928272816
122, 0.04219995344946256
123, 0.041944844896127445
124, 0.042263854664773504
125, 0.04165524887171795
126, 0.04212444362730617
127, 0.04398877190877441
128, 0.04379375569401124
129, 0.040376086426921115
130, 0.04101368059168777
131, 0.042219302324707345
132, 0.04290328015132821
133, 0.04347241020733177
134, 0.04037788597809038
135, 0.040082274850714784
136, 0.04135874810886009
137, 0.04213653650373677
138, 0.041778273304552596
139, 0.040888019592320725
140, 0.04115291837852552
141, 0.04131599815920429
142, 0.041725604861430184
143, 0.043011939921045655
144, 0.040332866792962836
145, 0.04053491474866922
146, 0.04019530604135555
147, 0.03937178721277709
148, 0.03870736976977082
149, 0.03816414807527952
150, 0.03779731251305004
151, 0.03995164057723454
152, 0.04106940123734908
153, 0.03960351668780827
154, 0.03771566491606476
155, 0.038125302054387696
156, 0.03939244366141698
157, 0.03898643867207826
158, 0.03939040356734202
159, 0.039316668404644
160, 0.03923300047682422
161, 0.03992945255358525
162, 0.04029943351334115
163, 0.04144216184610622
164, 0.04147506442106382
165, 0.0419144916399225
166, 0.04165845982071336
167, 0.041859652965293606
168, 0.04346137314797679
169, 0.04347853621632864
170, 0.042575575470035806
171, 0.04074617627723497
172, 0.04078196999177932
173, 0.04076686946361756
174, 0.04151578660024331
175, 0.04156683960768351
176, 0.041163158549870286
177, 0.03960865595339106
178, 0.03914223205100014
179, 0.038742887208246694
180, 0.03870413234165945
181, 0.03813055250621792
182, 0.0379173881307057
183, 0.036894277602945016
184, 0.03658876207487044
185, 0.03738879308843685
186, 0.03650071696463801
187, 0.03649555143814771
188, 0.03637656742873939
189, 0.03775567463246942
190, 0.03730522616783293
191, 0.037264054193625315
192, 0.03865007907844476
193, 0.03912006099250603
194, 0.03932857603197813
195, 0.0397494003307725
196, 0.03939959372422063
197, 0.03935314023895226
198, 0.039559416142663895
199, 0.03964887739629664
200, 0.03913098447079065
201, 0.03818138136323787
202, 0.03820815520179675
203, 0.03834646322058953
204, 0.03780527856982018
205, 0.037870517833283907
206, 0.03808050910273172
207, 0.037896576995114103
208, 0.03777882015583699
209, 0.03758912571044243
210, 0.03731760929751833
211, 0.03732596506165436
212, 0.03696793657349603
213, 0.03660662765947191
214, 0.037029725281369455
215, 0.038131509540876775
216, 0.037952764221521954
217, 0.036940754732967165
218, 0.03799850168390965
219, 0.039564331594359674
220, 0.03951371565077098
221, 0.03974753474706157
222, 0.03963794187898139
223, 0.0400370171497066
224, 0.0396600830688018
225, 0.03967152876152391
226, 0.04015240049728681
227, 0.04091149202554319
228, 0.04135101605502396
229, 0.04135101605502396
230, 0.043232038677801995
231, 0.042751818730307214
232, 0.0409814294747617
233, 0.03946972513341297
234, 0.03882423798560496
235, 0.03869502667280691
236, 0.038324934538631304
237, 0.03916588699425621
238, 0.038874581448571185
239, 0.0392181100451729
240, 0.03945242724001601
241, 0.03996250709518409
242, 0.03904768647020636
243, 0.03929687353501481
244, 0.038885782751241355
245, 0.03884668177583172
246, 0.038845837701504814
247, 0.03875176279928884
248, 0.03967843243303814
249, 0.04036003485499822
250, 0.039878893133882355
251, 0.03908331374561528
252, 0.03812934702466052
253, 0.03867817812288049
254, 0.04140723111926825
255, 0.041432459519342206
256, 0.04119300205726685
257, 0.0410257191296963
258, 0.03901142748395749
259, 0.03705657904054026
260, 0.037414523265022794
261, 0.037222698073430815
262, 0.03680858656653526
263, 0.03724641980842978
264, 0.03651226182471952
265, 0.036613939033223825
266, 0.037001322966508335
267, 0.0382288448953347
268, 0.040101219285582315
269, 0.040482781511092886
270, 0.041465742818118115
271, 0.04122684390333111
272, 0.04115339118960782
273, 0.041293695297856085
274, 0.040295095058870814
275, 0.03993941235194569
276, 0.041175436951588575
277, 0.04148166566286819
278, 0.04152426353018972
279, 0.04228847533589926
280, 0.04109965230515795
281, 0.039759029081634825
282, 0.03988444040852967
283, 0.03922454097638492
284, 0.038268287293528394
285, 0.03819018013505499
286, 0.03793496001876632
287, 0.03850864771087719
288, 0.038385344847396675
289, 0.038043739502021306
290, 0.037672971082318985
291, 0.03563095162172808
292, 0.035181583998750314
293, 0.036717941908965476
294, 0.036348711851839306
295, 0.03673800444479802
296, 0.0381995668167209
297, 0.038612227678254375
298, 0.03792016404792238
299, 0.03862106953500649
300, 0.0400727918701896
301, 0.04146041345745928
302, 0.041157723479431106
303, 0.04183331081858587
304, 0.03998565073091507
305, 0.03952492048196764
306, 0.03687045551075845
307, 0.036861510251976495
308, 0.03607381883595803
309, 0.035808442210911104
310, 0.03633497761559927
311, 0.037126821688765584
312, 0.038214165299077105
313, 0.038297591438292596
314, 0.03801398397665875
315, 0.036587378587054215
316, 0.03791003033519961
317, 0.038867555836222416
318, 0.04078009207365908
319, 0.0411892071316364
320, 0.042262455825111046
321, 0.041362380191561056
322, 0.0419584541268776
323, 0.042324415798403923
324, 0.04187499421521772
325, 0.04247179470660818
326, 0.04249953162164683
327, 0.04277672488169305
328, 0.04263552733325962
329, 0.04121599947169922
330, 0.040160569732607475
331, 0.03874273507808521
332, 0.0382541791589643
333, 0.039454033797556534
334, 0.03911260539397301
335, 0.03911260539397301
336, 0.03729220412459476
337, 0.03747417066614406
338, 0.03680134733661024
339, 0.03436012923283354
340, 0.03529782839315739
341, 0.03614978312289741
342, 0.036099272466856305
343, 0.03731404315210397
344, 0.03671053028655762
345, 0.036618886348140645
346, 0.03488652844831424
347, 0.03467346360230329
348, 0.03558806424924671
349, 0.036951740989002134
350, 0.03687705483399057
351, 0.03748110364395892
352, 0.037117123047779976
353, 0.03723839121774985
354, 0.036627142337346014
355, 0.03713015673219679
356, 0.03677745626872941
357, 0.036707367017761214
358, 0.03634938592297065
359, 0.036072757601261086
360, 0.03575733000100935
361, 0.03610561185378125
362, 0.036563049321961236
363, 0.03558080850092831
364, 0.035207372388122396
365, 0.0370315535310335
366, 0.03684030706104746
367, 0.03608647401700347
368, 0.03606534222954319
369, 0.03626644484467863
370, 0.036470832672992656
371, 0.037306879489373876
372, 0.037728645461881045
373, 0.03730942257558144
374, 0.03747838011593559
375, 0.03690521700375806
376, 0.03510791885112576
377, 0.03508631668703395
378, 0.03639989058347233
379, 0.03586250170811465
380, 0.0370314946068199
381, 0.03695851486874026
382, 0.0369657913084009
383, 0.03789288842401523
384, 0.03940154016804423
385, 0.038086362337641615
386, 0.03816061728103199
387, 0.038770843359301844
388, 0.038380352720886135
389, 0.03810481338217389
390, 0.03938485080238494
391, 0.03857324117894332
392, 0.03865355588361595
393, 0.03805532564871577
394, 0.03812353168709663
395, 0.0390139716039124
396, 0.038608816534987676
397, 0.038606223489976305
398, 0.03860820772971385
399, 0.038825580323022385
400, 0.03807815041619268
401, 0.03796947504826437
402, 0.03810975854226348
403, 0.037930056414100695
404, 0.03808390577753565
405, 0.03805213413239602
406, 0.037397425951472225
407, 0.03610808354395289
408, 0.035444791737194725
409, 0.03665525115068032
410, 0.036931898297450486
411, 0.035286203760198816
412, 0.03535794152651642
413, 0.03521078860737521
414, 0.035533169778075406
415, 0.035528543571695693
416, 0.034915247592584346
417, 0.034915247592584346
418, 0.035211485441227604
419, 0.03489046656213262
420, 0.035350823746525026
421, 0.034610434556735
422, 0.0342593124335985
423, 0.034178197830741414
424, 0.033592097826155784
425, 0.03347117757852178
426, 0.033374337899309235
427, 0.033218302502025156
428, 0.033232576603999676
429, 0.034033333254945605
430, 0.034573285308046015
431, 0.035899684561982566
432, 0.037155491819903054
433, 0.03679490940911373
434, 0.036662943338490135
435, 0.03527211655347086
436, 0.0353771790663071
437, 0.03597254907679458
438, 0.03524834795544867
439, 0.036006373411296415
440, 0.03601553733238699
441, 0.03582756481424131
442, 0.03657718330292953
443, 0.03630026527522434
444, 0.03580675286185585
445, 0.03600321960174421
446, 0.03495998922752661
447, 0.03534329529678941
448, 0.03562303448867584
449, 0.03550058948476065
450, 0.035582657661408904
451, 0.03600232878364193
452, 0.03565953590247386
453, 0.036833256834813095
454, 0.03640356906688478
455, 0.037782306627188254
456, 0.037610544433840806
457, 0.037891140393178695
458, 0.037891140393178695
459, 0.038815967363715856
460, 0.038835529924666504
461, 0.04214869943074436
462, 0.04262169933217771
463, 0.04262169933217771
464, 0.04023902250151192
465, 0.04049496452131587
466, 0.04046082821341316
467, 0.03984057201462666
468, 0.039317770907288226
469, 0.040693266575576904
470, 0.04004338528155333
471, 0.04004338528155333
472, 0.041591108134482115
473, 0.04201543744328412
474, 0.04295794063076618
475, 0.04343619778574113
476, 0.04307062337238495
477, 0.04271429279072439
478, 0.04085716360218926
479, 0.039467214532863844
480, 0.038812334700341844
481, 0.039259526307577675
482, 0.04005915796515223
483, 0.03747988567755972
484, 0.038501848616447926
485, 0.03889639155811919
486, 0.03903803964425999
487, 0.03779945213569947
488, 0.038410213136401195
489, 0.03960972479971099
490, 0.03966870126226572
491, 0.03878544091481805
492, 0.03968181092283913
493, 0.040059093693099276
494, 0.03952621848157802
495, 0.0393474558809741
496, 0.03978330336733331
497, 0.03939569206716102
498, 0.03932864671892977
499, 0.03784050326093575
500, 0.038419860581445905
501, 0.03854171821126203
502, 0.03799336820380626
503, 0.035871940671584085
504, 0.035879862229326244
505, 0.037017221249782316
506, 0.03759152539406469
507, 0.03614847388902151
508, 0.03552682847437973
509, 0.036093312109250396
510, 0.03623038641254608
511, 0.036281435951799515
512, 0.03652707049913521
513, 0.03714372586502699
514, 0.03662917090882457
515, 0.03639827659182508
516, 0.036692649981467394
517, 0.03420383389679808
518, 0.03430793920121088
519, 0.03437251482790346
520, 0.034433623828682834
521, 0.03462809771105797
522, 0.033633194124462244
523, 0.03387122700139894
524, 0.03356409436837477
525, 0.033982412060114625
526, 0.033154875766978655
527, 0.03281379599658345
528, 0.03296680424746031
529, 0.03262208961249191
530, 0.03294475240963889
531, 0.033160650899976815
532, 0.03341541923835449
533, 0.03384753810569183
534, 0.03384858471437046
535, 0.03446022110610467
536, 0.035029143578323464
537, 0.03602156537760217
538, 0.035982724729526294
539, 0.03671646901353673
540, 0.03608170479180817
541, 0.0360363877719729
542, 0.03601585244465445
543, 0.03635922002936704
544, 0.03726405580898666
545, 0.037588657208649484
546, 0.038240165932712254
547, 0.04067140245696687
548, 0.04110096991080791
549, 0.04078577785994778
550, 0.0410612929588605
551, 0.04067826155102696
552, 0.04099305535890434
553, 0.04058708657861589
554, 0.03999913867280046
555, 0.040340436020962815
556, 0.03923161123194469
557, 0.03899941682329703
558, 0.03862130221910894
559, 0.038410957105046994
560, 0.03864700462335061
561, 0.03822233422507746
562, 0.03822233422507746
563, 0.041915413486812755
564, 0.04525861742331874
565, 0.04220038089068655
566, 0.04273228749580699
567, 0.04002722238715274
568, 0.03905347235179118
569, 0.03848438747581717
570, 0.037173578817484995
571, 0.037533514317937014
572, 0.03856025513092149
573, 0.03685417755698291
574, 0.03651284123137032
575, 0.036702484031640864
576, 0.03624226963841157
577, 0.03678614644481967
578, 0.03611974840057232
579, 0.03584934169673151
580, 0.03483464795530147
581, 0.03589209427334521
582, 0.035816706959835895
583, 0.036863807024255645
584, 0.03867915067335767
585, 0.03959949106961389
586, 0.03795409457596956
587, 0.03746325592310846
588, 0.0367593003006823
589, 0.03833292050907697
590, 0.03754013697472437
591, 0.03718100717471005
592, 0.03737090798872622
593, 0.03784669411455538
594, 0.0392330983270261
595, 0.03812590164699593
596, 0.037823459380581834
597, 0.0373856835979207
598, 0.037621519696611795
599, 0.03745302770112871
600, 0.03807586784115959
601, 0.03794498977848696
602, 0.037295495309245114
603, 0.03774371520143071
604, 0.038778124579175795
605, 0.03818434864729987
606, 0.03876357942258569
607, 0.038712338443783315
608, 0.03603905397380279
609, 0.03794253968125144
610, 0.03782594958271929
611, 0.03777262958824514
612, 0.037831415863993696
613, 0.037717595625340154
614, 0.036764704185158606
615, 0.036294406602058515
616, 0.03716664366553326
617, 0.03806922352697211
618, 0.038499573202460176
619, 0.03788573917628874
620, 0.037256969872848114
621, 0.03732109402968443
622, 0.03695108086031024
623, 0.0372121424132943
624, 0.037194082056737666
625, 0.03749336659358619
626, 0.03750933925927341
627, 0.0374366219518647
628, 0.0386343746100915
629, 0.03856111472027926
630, 0.038480008021230465
631, 0.03824898232300505
632, 0.037542689602948875
633, 0.03803059857429162
634, 0.037047250344079644
635, 0.03712840908121992
636, 0.03844038361615287
637, 0.038446367479793166
638, 0.03826763358197545
639, 0.0370032735857301
640, 0.03620819757158071
641, 0.037401035964723585
642, 0.037309466822452224
643, 0.03727482394584466
644, 0.0367146180434368
645, 0.036323843878039254
646, 0.036323843878039254
647, 0.03558982412645773
648, 0.035357683112949435
649, 0.03573276288505016
650, 0.036070754360631826
651, 0.03646514412262572
652, 0.03557654106786175
653, 0.03634