0, 0.033917322256517064
1, 0.033917322256517064
2, 0.03625940326559341
3, 0.03658896762357722
4, 0.03658896762357722
5, 0.03774226153757862
6, 0.03774226153757862
7, 0.03774226153757862
8, 0.03774226153757862
9, 0.039225305010596
10, 0.03941071830141879
11, 0.03965188841499636
12, 0.03965188841499636
13, 0.039726588324986836
14, 0.04058468302536715
15, 0.04071987416448586
16, 0.041122715655528795
17, 0.041122715655528795
18, 0.041122715655528795
19, 0.041122715655528795
20, 0.04122950800016397
21, 0.04122950800016397
22, 0.041893716399426205
23, 0.04342462482193394
24, 0.04342462482193394
25, 0.04342462482193394
26, 0.04344773011292627
27, 0.043459993216081794
28, 0.044638649372777936
29, 0.044638649372777936
30, 0.044638649372777936
31, 0.044638649372777936
32, 0.044638649372777936
33, 0.044638649372777936
34, 0.044638649372777936
35, 0.044685585892777574
36, 0.044685585892777574
37, 0.04750916151486082
38, 0.048085946521905155
39, 0.05057338123138591
40, 0.05057338123138591
41, 0.050657244003487686
42, 0.050657244003487686
43, 0.050657244003487686
44, 0.050657244003487686
45, 0.051143670243741404
46, 0.051143670243741404
47, 0.051143670243741404
48, 0.051143670243741404
49, 0.051143670243741404
50, 0.051143670243741404
51, 0.051143670243741404
52, 0.051194036958607254
53, 0.051194036958607254
54, 0.05227528939135602
55, 0.05227528939135602
56, 0.05227528939135602
57, 0.05237046812717992
58, 0.05237046812717992
59, 0.05237046812717992
60, 0.05237046812717992
61, 0.05237046812717992
62, 0.05237046812717992
63, 0.05237046812717992
64, 0.05237046812717992
65, 0.05237046812717992
66, 0.05237046812717992
67, 0.05237046812717992
68, 0.05237046812717992
69, 0.05237046812717992
70, 0.05237046812717992
71, 0.05237046812717992
72, 0.05237046812717992
73, 0.05399039406560462
74, 0.05452905445994832
75, 0.05454735841630651
76, 0.05454735841630651
77, 0.05454735841630651
78, 0.05454735841630651
79, 0.05620959624811464
80, 0.05620959624811464
81, 0.05620959624811464
82, 0.05620959624811464
83, 0.05620959624811464
84, 0.059060349567779474
85, 0.059060349567779474
86, 0.059060349567779474
87, 0.059577643299481134
88, 0.059577643299481134
89, 0.059577643299481134
90, 0.059577643299481134
91, 0.059577643299481134
92, 0.059577643299481134
93, 0.059577643299481134
94, 0.059577643299481134
95, 0.059577643299481134
96, 0.059577643299481134
97, 0.059577643299481134
98, 0.0605679476933216
99, 0.0605679476933216
100, 0.0605679476933216
101, 0.0605679476933216
102, 0.0605679476933216
103, 0.0605679476933216
104, 0.0605679476933216
105, 0.0605679476933216
106, 0.0605679476933216
107, 0.0605679476933216
108, 0.0605679476933216
109, 0.0605679476933216
110, 0.0605679476933216
111, 0.0605679476933216
112, 0.0605679476933216
113, 0.0605679476933216
114, 0.061962040933313325
115, 0.061962040933313325
116, 0.0625840132177036
117, 0.0625840132177036
118, 0.0625840132177036
119, 0.0625840132177036
120, 0.0625840132177036
121, 0.06260681785777437
122, 0.06260681785777437
123, 0.06260681785777437
124, 0.06260681785777437
125, 0.06260681785777437
126, 0.06260681785777437
127, 0.06260681785777437
128, 0.06260681785777437
129, 0.06260681785777437
130, 0.06260681785777437
131, 0.06260681785777437
132, 0.06260681785777437
133, 0.06260681785777437
134, 0.06260681785777437
135, 0.06260681785777437
136, 0.06260681785777437
137, 0.06260681785777437
138, 0.06260681785777437
139, 0.06260681785777437
140, 0.06260681785777437
141, 0.06260681785777437
142, 0.06260681785777437
143, 0.06260681785777437
144, 0.06260681785777437
145, 0.06260681785777437
146, 0.06260681785777437
147, 0.06260681785777437
148, 0.06260681785777437
149, 0.06260681785777437
150, 0.06260681785777437
151, 0.06260681785777437
152, 0.06260681785777437
153, 0.06260681785777437
154, 0.06260681785777437
155, 0.06260681785777437
156, 0.06260681785777437
157, 0.06260681785777437
158, 0.06260681785777437
159, 0.06260681785777437
160, 0.06260681785777437
161, 0.06260681785777437
162, 0.06260681785777437
163, 0.06260681785777437
164, 0.06260681785777437
165, 0.06260681785777437
166, 0.06260681785777437
167, 0.06260681785777437
168, 0.06286588288770356
169, 0.06286588288770356
170, 0.06286588288770356
171, 0.06286588288770356
172, 0.06286588288770356
173, 0.06286588288770356
174, 0.06286588288770356
175, 0.06547644421988895
176, 0.06547644421988895
177, 0.06547644421988895
178, 0.06547644421988895
179, 0.06547644421988895
180, 0.06547644421988895
181, 0.06547644421988895
182, 0.06547644421988895
183, 0.06547644421988895
184, 0.06547644421988895
185, 0.06547644421988895
186, 0.06547644421988895
187, 0.06547644421988895
188, 0.06547644421988895
189, 0.06547644421988895
190, 0.06562567648522963
191, 0.06562567648522963
192, 0.06562567648522963
193, 0.06562567648522963
194, 0.06562567648522963
195, 0.06562567648522963
196, 0.06562567648522963
197, 0.06562567648522963
198, 0.06562567648522963
199, 0.06562567648522963
200, 0.06562567648522963
201, 0.06562567648522963
202, 0.06562567648522963
203, 0.06632376575123695
204, 0.06632376575123695
205, 0.06632376575123695
206, 0.06632376575123695
207, 0.06632376575123695
208, 0.06632376575123695
209, 0.06632376575123695
210, 0.06632376575123695
211, 0.06632376575123695
212, 0.06632376575123695
213, 0.06632376575123695
214, 0.06632376575123695
215, 0.06632376575123695
216, 0.06632376575123695
217, 0.06632376575123695
218, 0.06632376575123695
219, 0.06632376575123695
220, 0.06632376575123695
221, 0.06632376575123695
222, 0.06632376575123695
223, 0.06632376575123695
224, 0.06632376575123695
225, 0.06632376575123695
226, 0.06632376575123695
227, 0.06632376575123695
228, 0.06632376575123695
229, 0.06632376575123695
230, 0.06746782924524324
231, 0.06746782924524324
232, 0.06746782924524324
233, 0.06746782924524324
234, 0.06746782924524324
235, 0.06746782924524324
236, 0.06746782924524324
237, 0.06746782924524324
238, 0.06838036822028677
239, 0.06838036822028677
240, 0.06838036822028677
241, 0.06838036822028677
242, 0.06838036822028677
243, 0.06838036822028677
244, 0.06838036822028677
245, 0.06838036822028677
246, 0.06838036822028677
247, 0.06838036822028677
248, 0.06838036822028677
249, 0.06838036822028677
250, 0.06838036822028677
251, 0.06838036822028677
252, 0.06838036822028677
253, 0.06838036822028677
254, 0.06838036822028677
255, 0.06838036822028677
256, 0.06838036822028677
257, 0.06838036822028677
258, 0.06882582411088238
259, 0.06882582411088238
260, 0.06882582411088238
261, 0.06882582411088238
262, 0.06882582411088238
263, 0.06882582411088238
264, 0.06882582411088238
265, 0.06882582411088238
266, 0.06882582411088238
267, 0.06882582411088238
268, 0.06882582411088238
269, 0.06882582411088238
270, 0.06882582411088238
271, 0.06882582411088238
272, 0.06882582411088238
273, 0.06882582411088238
274, 0.06882582411088238
275, 0.06897877185419486
276, 0.06897877185419486
277, 0.06897877185419486
278, 0.06897877185419486
279, 0.06897877185419486
280, 0.06897877185419486
281, 0.06897877185419486
282, 0.06897877185419486
283, 0.06897877185419486
284, 0.06897877185419486
285, 0.06897877185419486
286, 0.06897877185419486
287, 0.06897877185419486
288, 0.06897877185419486
289, 0.06897877185419486
290, 0.06897877185419486
291, 0.06897877185419486
292, 0.06897877185419486
293, 0.06897877185419486
294, 0.06897877185419486
295, 0.06897877185419486
296, 0.06897877185419486
297, 0.06897877185419486
298, 0.06897877185419486
299, 0.06897877185419486
300, 0.06897877185419486
301, 0.06897877185419486
302, 0.06925774396148972
303, 0.06925774396148972
304, 0.06925774396148972
305, 0.06925774396148972
306, 0.06925774396148972
307, 0.06925774396148972
308, 0.06925774396148972
309, 0.06925774396148972
310, 0.06925774396148972
311, 0.06925774396148972
312, 0.06925774396148972
313, 0.06925774396148972
314, 0.06925774396148972
315, 0.06925774396148972
316, 0.06925774396148972
317, 0.06925774396148972
318, 0.06925774396148972
319, 0.06925774396148972
320, 0.06925774396148972
321, 0.06925774396148972
322, 0.06925774396148972
323, 0.06925774396148972
324, 0.06925774396148972
325, 0.06925774396148972
326, 0.06925774396148972
327, 0.06925774396148972
328, 0.06925774396148972
329, 0.06992681423327465
330, 0.06992681423327465
331, 0.07063381566674992
332, 0.07063381566674992
333, 0.07063381566674992
334, 0.07063381566674992
335, 0.07063381566674992
336, 0.07063381566674992
337, 0.07063381566674992
338, 0.07063381566674992
339, 0.07063381566674992
340, 0.07063381566674992
341, 0.07063381566674992
342, 0.07063381566674992
343, 0.07063381566674992
344, 0.07063381566674992
345, 0.07078751210700067
346, 0.07078751210700067
347, 0.07078751210700067
348, 0.07078751210700067
349, 0.07078751210700067
350, 0.07078751210700067
351, 0.07078751210700067
352, 0.07078751210700067
353, 0.07078751210700067
354, 0.07078751210700067
355, 0.07078751210700067
356, 0.07078751210700067
357, 0.07078751210700067
358, 0.07078751210700067
359, 0.07078751210700067
360, 0.07078751210700067
361, 0.07078751210700067
362, 0.07078751210700067
363, 0.07078751210700067
364, 0.07078751210700067
365, 0.07078751210700067
366, 0.07078751210700067
367, 0.07078751210700067
368, 0.07122049703982421
369, 0.07122049703982421
370, 0.07122049703982421
371, 0.07122049703982421
372, 0.07341255801538643
373, 0.07341255801538643
374, 0.07341255801538643
375, 0.07341255801538643
376, 0.07341255801538643
377, 0.07341255801538643
378, 0.07341255801538643
379, 0.07341255801538643
380, 0.07341255801538643
381, 0.07341255801538643
382, 0.07341255801538643
383, 0.07341255801538643
384, 0.07341255801538643
385, 0.07341255801538643
386, 0.07341255801538643
387, 0.07341255801538643
388, 0.07341255801538643
389, 0.07341255801538643
390, 0.07341255801538643
391, 0.07341255801538643
392, 0.07481602570378497
393, 0.07481602570378497
394, 0.07481602570378497
395, 0.07481602570378497
396, 0.07481602570378497
397, 0.07481602570378497
398, 0.07481602570378497
399, 0.07481602570378497
400, 0.07481602570378497
401, 0.07481602570378497
402, 0.07481602570378497
403, 0.07481602570378497
404, 0.07481602570378497
405, 0.07481602570378497
406, 0.07481602570378497
407, 0.07481602570378497
408, 0.07481602570378497
409, 0.07481602570378497
410, 0.07481602570378497
411, 0.07481602570378497
412, 0.07504450095953444
413, 0.07504450095953444
414, 0.07555848024183642
415, 0.07555848024183642
416, 0.07582767129438554
417, 0.07582767129438554
418, 0.07582767129438554
419, 0.07582767129438554
420, 0.07582767129438554
421, 0.07582767129438554
422, 0.07582767129438554
423, 0.07582767129438554
424, 0.07582767129438554
425, 0.07582767129438554
426, 0.07582767129438554
427, 0.07582767129438554
428, 0.07582767129438554
429, 0.07582767129438554
430, 0.07582767129438554
431, 0.07582767129438554
432, 0.07582767129438554
433, 0.07582767129438554
434, 0.07582767129438554
435, 0.07582767129438554
436, 0.07582767129438554
437, 0.07582767129438554
438, 0.07582767129438554
439, 0.07582767129438554
440, 0.07582767129438554
441, 0.07582767129438554
442, 0.07582767129438554
443, 0.07582767129438554
444, 0.07676527675173529
445, 0.076808700278909
446, 0.076808700278909
447, 0.076808700278909
448, 0.076808700278909
449, 0.076808700278909
450, 0.076808700278909
451, 0.076808700278909
452, 0.07783795800698019
453, 0.07783795800698019
454, 0.07783795800698019
455, 0.07783795800698019
456, 0.07783795800698019
457, 0.07783795800698019
458, 0.07783795800698019
459, 0.07783795800698019
460, 0.07783795800698019
461, 0.07783795800698019
462, 0.07783795800698019
463, 0.07783795800698019
464, 0.07783795800698019
465, 0.07783795800698019
466, 0.07783795800698019
467, 0.07783795800698019
468, 0.07783795800698019
469, 0.07783795800698019
470, 0.07783795800698019
471, 0.07786578281398035
472, 0.07786578281398035
473, 0.07786578281398035
474, 0.07786578281398035
475, 0.07786578281398035
476, 0.07786578281398035
477, 0.07786578281398035
478, 0.07786578281398035
479, 0.07786578281398035
480, 0.07786578281398035
481, 0.07786578281398035
482, 0.07786578281398035
483, 0.07786578281398035
484, 0.07786578281398035
485, 0.07786578281398035
486, 0.07786578281398035
487, 0.07786578281398035
488, 0.07786578281398035
489, 0.07786578281398035
490, 0.07786578281398035
491, 0.07786578281398035
492, 0.07786578281398035
493, 0.07786578281398035
494, 0.07786578281398035
495, 0.07786578281398035
496, 0.07786578281398035
497, 0.07882632274651254
498, 0.07882632274651254
499, 0.07882632274651254
500, 0.07882632274651254
501, 0.07882632274651254
502, 0.07882632274651254
503, 0.07882632274651254
504, 0.07882632274651254
505, 0.07882632274651254
506, 0.07882632274651254
507, 0.07882632274651254
508, 0.07882632274651254
509, 0.07882632274651254
510, 0.07882632274651254
511, 0.07882632274651254
512, 0.07882632274651254
513, 0.07882632274651254
514, 0.07882632274651254
515, 0.07882632274651254
516, 0.07882632274651254
517, 0.07882632274651254
518, 0.07882632274651254
519, 0.0791532380914156
520, 0.0791532380914156
521, 0.07965754821777593
522, 0.07965754821777593
523, 0.07965754821777593
524, 0.07965754821777593
525, 0.07965754821777593
526, 0.07965754821777593
527, 0.07965754821777593
528, 0.07965754821777593
529, 0.07965754821777593
530, 0.07965754821777593
531, 0.07965754821777593
532, 0.07965754821777593
533, 0.07965754821777593
534, 0.07965754821777593
535, 0.07965754821777593
536, 0.08004773092420471
537, 0.08004773092420471
538, 0.08004773092420471
539, 0.08004773092420471
540, 0.08004773092420471
541, 0.08004773092420471
542, 0.08004773092420471
543, 0.08004773092420471
544, 0.08004773092420471
545, 0.08004773092420471
546, 0.08004773092420471
547, 0.08004773092420471
548, 0.08004773092420471
549, 0.08004773092420471
550, 0.08004773092420471
551, 0.08004773092420471
552, 0.08004773092420471
553, 0.08004773092420471
554, 0.08004773092420471
555, 0.08004773092420471
556, 0.08004773092420471
557, 0.08004773092420471
558, 0.08004773092420471
559, 0.08004773092420471
560, 0.08004773092420471
561, 0.08004773092420471
562, 0.08004773092420471
563, 0.08004773092420471
564, 0.08004773092420471
565, 0.08004773092420471
566, 0.08004773092420471
567, 0.08004773092420471
568, 0.08004773092420471
569, 0.08004773092420471
570, 0.08004773092420471
571, 0.08004773092420471
572, 0.08013027279810199
573, 0.08013027279810199
574, 0.08013027279810199
575, 0.08013027279810199
576, 0.08013027279810199
577, 0.08013027279810199
578, 0.08013027279810199
579, 0.08013027279810199
580, 0.08013027279810199
581, 0.08013027279810199
582, 0.08013027279810199
583, 0.08013027279810199
584, 0.08013027279810199
585, 0.08013027279810199
586, 0.08013027279810199
587, 0.08013027279810199
588, 0.08013027279810199
589, 0.08013027279810199
590, 0.08013027279810199
591, 0.08013027279810199
592, 0.08013027279810199
593, 0.08013027279810199
594, 0.08013027279810199
595, 0.08013027279810199
596, 0.08126193136421328
597, 0.08126193136421328
598, 0.08126193136421328
599, 0.08126193136421328
600, 0.08126193136421328
601, 0.08126193136421328
602, 0.08126193136421328
603, 0.08126193136421328
604, 0.08126193136421328
605, 0.08126193136421328
606, 0.08126193136421328
607, 0.08126193136421328
608, 0.08126193136421328
609, 0.08126193136421328
610, 0.08126193136421328
611, 0.08126193136421328
612, 0.08126193136421328
613, 0.08126193136421328
614, 0.08145983333087303
615, 0.08145983333087303
616, 0.08145983333087303
617, 0.08145983333087303
618, 0.08145983333087303
619, 0.08145983333087303
620, 0.08145983333087303
621, 0.08145983333087303
622, 0.08145983333087303
623, 0.08145983333087303
624, 0.08145983333087303
625, 0.08145983333087303
626, 0.08145983333087303
627, 0.08145983333087303
628, 0.08145983333087303
629, 0.08145983333087303
630, 0.08145983333087303
631, 0.08145983333087303
632, 0.08145983333087303
633, 0.08145983333087303
634, 0.08145983333087303
635, 0.08145983333087303
636, 0.08145983333087303
637, 0.08145983333087303
638, 0.08145983333087303
639, 0.08145983333087303
640, 0.08145983333087303
641, 0.08145983333087303
642, 0.08145983333087303
643, 0.08145983333087303
644, 0.08145983333087303
645, 0.08145983333087303
646, 0.08145983333087303
647, 0.08145983333087303
648, 0.08145983333087303
649, 0.08145983333087303
650, 0.08145983333087303
651, 0.08145983333087303
652, 0.08145983333087303
653, 0.08145983333087303
654, 0.08145983333087303
655, 0.08145983333087303
656, 0.08145983333087303
657, 0.08145983333087303
658, 0.08145983333087303
659, 0.08145983333087303
660, 0.08145983333087303
661, 0.08145983333087303
662, 0.08145983333087303
663, 0.08145983333087303
664, 0.08145983333087303
665, 0.08145983333087303
666, 0.08145983333087303
667, 0.08145983333087303
668, 0.08145983333087303
669, 0.08145983333087303
670, 0.08145983333087303
671, 0.08145983333087303
672, 0.08145983333087303
673, 0.08145983333087303
674, 0.08145983333087303
675, 0.08145983333087303
676, 0.08145983333087303
677, 0.08145983333087303
678, 0.08145983333087303
679, 0.08145983333087303
680, 0.08145983333087303
681, 0.08145983333087303
682, 0.08145983333087303
683, 0.08145983333087303
684, 0.08145983333087303
685, 0.08145983333087303
686, 0.08145983333087303
687, 0.08145983333087303
688, 0.08145983333087303
689, 0.08145983333087303
690, 0.08145983333087303
691, 0.08145983333087303
692, 0.08145983333087303
693, 0.08145983333087303
694, 0.08145983333087303
695, 0.08145983333087303
696, 0.08145983333087303
697, 0.08145983333087303
698, 0.08145983333087303
699, 0.08145983333087303
700, 0.08145983333087303
701, 0.08145983333087303
702, 0.08145983333087303
703, 0.08145983333087303
704, 0.08145983333087303
705, 0.08145983333087303
706, 0.08145983333087303
707, 0.08145983333087303
708, 0.08145983333087303
709, 0.08145983333087303
710, 0.08145983333087303
711, 0.08145983333087303
712, 0.08145983333087303
713, 0.08145983333087303
714, 0.08145983333087303
715, 0.08145983333087303
716, 0.08145983333087303
717, 0.08145983333087303
718, 0.08145983333087303
719, 0.08145983333087303
720, 0.08145983333087303
721, 0.08145983333087303
722, 0.08145983333087303
723, 0.08145983333087303
724, 0.08145983333087303
725, 0.08145983333087303
726, 0.08145983333087303
727, 0.08242409386083407
728, 0.08242409386083407
729, 0.08242409386083407
730, 0.08242409386083407
731, 0.08242409386083407
732, 0.08242409386083407
733, 0.08242409386083407
734, 0.08242409386083407
735, 0.08242409386083407
736, 0.08242409386083407
737, 0.08242409386083407
738, 0.08243462031958129
739, 0.08243462031958129
740, 0.08243462031958129
741, 0.08243462031958129
742, 0.08243462031958129
743, 0.08243462031958129
744, 0.08527582624874913
745, 0.08629599959718924
746, 0.08629599959718924
747, 0.08629599959718924
748, 0.08629599959718924
749, 0.08629599959718924
750, 0.08629599959718924
751, 0.08629599959718924
752, 0.08629599959718924
753, 0.08629599959718924
754, 0.08629599959718924
755, 0.08629599959718924
756, 0.08629599959718924
757, 0.08629599959718924
758, 0.08703133862059426
759, 0.08703133862059426
760, 0.08703133862059426
761, 0.08703133862059426
762, 0.08703133862059426
763, 0.08703133862059426
764, 0.08703133862059426
765, 0.08703133862059426
766, 0.08703133862059426
767, 0.08703133862059426
768, 0.08703133862059426
769, 0.08703133862059426
770, 0.08703133862059426
771, 0.08703133862059426
772, 0.08703133862059426
773, 0.08703133862059426
774, 0.08703133862059426
775, 0.08703133862059426
776, 0.08703133862059426
777, 0.08703133862059426
778, 0.08703133862059426
779, 0.08703133862059426
780, 0.08703133862059426
781, 0.08703133862059426
782, 0.08703133862059426
783, 0.08703133862059426
784, 0.08703133862059426
785, 0.08703133862059426
786, 0.08703133862059426
787, 0.08703133862059426
788, 0.08703133862059426
789, 0.08703133862059426
790, 0.08703133862059426
791, 0.08703133862059426
792, 0.08703133862059426
793, 0.08703133862059426
794, 0.08703133862059426
795, 0.08703133862059426
796, 0.08703133862059426
797, 0.08703133862059426
798, 0.08703133862059426
799, 0.08703133862059426
800, 0.08703133862059426
801, 0.08703133862059426
802, 0.08703133862059426
803, 0.08703133862059426
804, 0.08703133862059426
805, 0.08703133862059426
806, 0.08703133862059426
807, 0.08703133862059426
808, 0.08703133862059426
809, 0.08703133862059426
810, 0.08703133862059426
811, 0.08703133862059426
812, 0.08703133862059426
813, 0.08703133862059426
814, 0.08703133862059426
815, 0.0875242159003627
816, 0.0875242159003627
817, 0.0875242159003627
818, 0.0875242159003627
819, 0.0875242159003627
820, 0.0875242159003627
821, 0.0875242159003627
822, 0.0875242159003627
823, 0.0875242159003627
824, 0.0875242159003627
825, 0.0875242159003627
826, 0.0875242159003627
827, 0.0875242159003627
828, 0.0885983091486221
829, 0.0885983091486221
830, 0.0885983091486221
831, 0.0885983091486221
832, 0.0885983091486221
833, 0.0885983091486221
834, 0.0885983091486221
835, 0.0885983091486221
836, 0.0885983091486221
837, 0.0885983091486221
838, 0.0885983091486221
839, 0.0885983091486221
840, 0.0885983091486221
841, 0.0885983091486221
842, 0.0885983091486221
843, 0.0885983091486221
844, 0.0885983091486221
845, 0.0885983091486221
846, 0.0885983091486221
847, 0.0885983091486221
848, 0.0885983091486221
849, 0.0885983091486221
850, 0.0885983091486221
851, 0.0885983091486221
852, 0.0885983091486221
853, 0.0885983091486221
854, 0.0885983091486221
855, 0.0885983091486221
856, 0.0885983091486221
857, 0.0885983091486221
858, 0.0885983091486221
859, 0.0885983091486221
860, 0.0885983091486221
861, 0.0885983091486221
862, 0.0885983091486221
863, 0.0885983091486221
864, 0.0885983091486221
865, 0.0885983091486221
866, 0.0885983091486221
867, 0.0885983091486221
868, 0.0885983091486221
869, 0.0885983091486221
870, 0.0885983091486221
871, 0.0885983091486221
872, 0.0885983091486221
873, 0.0885983091486221
874, 0.0885983091486221
875, 0.0885983091486221
876, 0.0885983091486221
877, 0.0885983091486221
878, 0.0885983091486221
879, 0.0885983091486221
880, 0.0885983091486221
881, 0.0885983091486221
882, 0.0885983091486221
883, 0.0885983091486221
884, 0.0885983091486221
885, 0.0885983091486221
886, 0.0885983091486221
887, 0.0885983091486221
888, 0.0885983091486221
889, 0.0885983091486221
890, 0.0885983091486221
891, 0.0885983091486221
892, 0.0885983091486221
893, 0.08861833508341621
894, 0.08861833508341621
895, 0.08861833508341621
896, 0.08861833508341621
897, 0.08861833508341621
898, 0.08861833508341621
899, 0.08861833508341621
900, 0.08938801669894451
901, 0.08938801669894451
902, 0.08938801669894451
903, 0.08938801669894451
904, 0.08938801669894451
905, 0.08941719357766528
906, 0.08941719357766528
907, 0.08941719357766528
908, 0.08941719357766528
909, 0.08941719357766528
910, 0.08941719357766528
911, 0.08941719357766528
912, 0.08941719357766528
913, 0.08941719357766528
914, 0.08941719357766528
915, 0.08941719357766528
916, 0.08941719357766528
917, 0.08941719357766528
918, 0.09088442628558113
919, 0.09088442628558113
920, 0.09088442628558113
921, 0.09088442628558113
922, 0.09088442628558113
923, 0.09088442628558113
924, 0.09088442628558113
925, 0.09088442628558113
926, 0.09088442628558113
927, 0.09088442628558113
928, 0.09088442628558113
929, 0.09088442628558113
930, 0.09088442628558113
931, 0.09088442628558113
932, 0.09091758553552154
933, 0.09091758553552154
934, 0.09091758553552154
935, 0.09091758553552154
936, 0.09091758553552154
937, 0.09091758553552154
938, 0.09091758553552154
939, 0.09091758553552154
940, 0.09091758553552154
941, 0.09091758553552154
942, 0.09091758553552154
943, 0.09091758553552154
944, 0.09091758553552154
945, 0.09091758553552154
946, 0.09091758553552154
947, 0.09091758553552154
948, 0.09091758553552154
949, 0.09091758553552154
950, 0.09091758553552154
951, 0.09091758553552154
952, 0.09091758553552154
953, 0.09091758553552154
954, 0.09091758553552154
955, 0.09091758553552154
956, 0.09091758553552154
957, 0.09091758553552154
958, 0.09091758553552154
959, 0.09091758553552154
960, 0.09091758553552154
961, 0.09091758553552154
962, 0.09091758553552154
963, 0.09091758553552154
964, 0.09091758553552154
965, 0.09091758553552154
966, 0.09091758553552154
967, 0.09091758553552154
968, 0.09091758553552154
969, 0.09091758553552154
970, 0.09091758553552154
971, 0.09091758553552154
972, 0.09091758553552154
973, 0.09091758553552154
974, 0.09091758553552154
975, 0.09091758553552154
976, 0.09091758553552154
977, 0.09091758553552154
978, 0.09091758553552154
979, 0.09091758553552154
980, 0.09091758553552154
981, 0.09091758553552154
982, 0.09091758553552154
983, 0.09091758553552154
984, 0.09091758553552154
985, 0.09091758553552154
986, 0.09091758553552154
987, 0.09091758553552154
988, 0.09091758553552154
989, 0.09091758553552154
990, 0.09091758553552154
991, 0.09091758553552154
992, 0.09091758553552154
993, 0.09091758553552154
994, 0.09091758553552154
995, 0.09091758553552154
996, 0.09091758553552154
997, 0.09091758553552154
998, 0.09091758553552154
999, 0.09091758553552154
1000, 0.09091758553552154
1001, 0.09091758553552154
1002, 0.09091758553552154
1003, 0.09091758553552154
1004, 0.09091758553552154
1005, 0.09091758553552154
1006, 0.09091758553552154
1007, 0.09091758553552154
1008, 0.09091758553552154
1009, 0.09091758553552154
1010, 0.09091758553552154
1011, 0.09091758553552154
1012, 0.09091758553552154
1013, 0.09091758553552154
1014, 0.09091758553552154
1015, 0.09091758553552154
1016, 0.09091758553552154
1017, 0.09091758553552154
1018, 0.09091758553552154
1019, 0.09091758553552154
1020, 0.09091758553552154
1021, 0.09091758553552154
1022, 0.09091758553552154
1023, 0.09091758553552154
1024, 0.09091758553552154
1025, 0.09091758553552154
1026, 0.09091758553552154
1027, 0.09112405827657198
1028, 0.09112405827657198
1029, 0.09112405827657198
1030, 0.09112405827657198
1031, 0.09112405827657198
1032, 0.09112405827657198
1033, 0.09112405827657198
1034, 0.09112405827657198
1035, 0.09112405827657198
1036, 0.09112405827657198
1037, 0.09112405827657198
1038, 0.09112405827657198
1039, 0.09112405827657198
1040, 0.09112405827657198
1041, 0.09112405827657198
1042, 0.09112405827657198
1043, 0.09112405827657198
1044, 0.09112405827657198
1045, 0.09112405827657198
1046, 0.09112405827657198
1047, 0.09112405827657198
1048, 0.09112405827657198
1049, 0.09112405827657198
1050, 0.09130739106583828
1051, 0.09130739106583828
1052, 0.09130739106583828
1053, 0.09130739106583828
1054, 0.09130739106583828
1055, 0.09130739106583828
1056, 0.09130739106583828
1057, 0.09130739106583828
1058, 0.09130739106583828
1059, 0.09130739106583828
1060, 0.09130739106583828
1061, 0.09130739106583828
1062, 0.09130739106583828
1063, 0.09130739106583828
1064, 0.09130739106583828
1065, 0.09130739106583828
1066, 0.09130739106583828
1067, 0.09130739106583828
1068, 0.09130739106583828
1069, 0.09130739106583828
1070, 0.09130739106583828
1071, 0.09130739106583828
1072, 0.09130739106583828
1073, 0.09130739106583828
1074, 0.09130739106583828
1075, 0.09130739106583828
1076, 0.09130739106583828
1077, 0.09130739106583828
1078, 0.09130739106583828
1079, 0.09130739106583828
1080, 0.09130739106583828
1081, 0.09130739106583828
1082, 0.09130739106583828
1083, 0.09130739106583828
1084, 0.09130739106583828
1085, 0.09130739106583828
1086, 0.09130739106583828
1087, 0.09130739106583828
1088, 0.09130739106583828
1089, 0.09130739106583828
1090, 0.09130739106583828
1091, 0.09130739106583828
1092, 0.09130739106583828
1093, 0.09130739106583828
1094, 0.09130739106583828
1095, 0.09130739106583828
1096, 0.09130739106583828
1097, 0.09130739106583828
1098, 0.09130739106583828
1099, 0.09130739106583828
1100, 0.09130739106583828
1101, 0.09130739106583828
1102, 0.09130739106583828
1103, 0.09130739106583828
1104, 0.09130739106583828
1105, 0.09130739106583828
1106, 0.09130739106583828
1107, 0.09130739106583828
1108, 0.09311135182231088
1109, 0.09311135182231088
1110, 0.09311135182231088
1111, 0.09326075755108745
1112, 0.09326075755108745
1113, 0.09326075755108745
1114, 0.09326075755108745
1115, 0.09326075755108745
1116, 0.09326075755108745
1117, 0.09326075755108745
1118, 0.09326075755108745
1119, 0.09326075755108745
1120, 0.09326075755108745
1121, 0.09326075755108745
1122, 0.09326075755108745
1123, 0.09326075755108745
1124, 0.09326075755108745
1125, 0.09326075755108745
1126, 0.09326075755108745
1127, 0.09326075755108745
1128, 0.09326075755108745
1129, 0.09326075755108745
1130, 0.09326075755108745
1131, 0.09326075755108745
1132, 0.09326075755108745
1133, 0.09326075755108745
1134, 0.09326075755108745
1135, 0.09326075755108745
1136, 0.09326075755108745
1137, 0.09326075755108745
1138, 0.09326075755108745
1139, 0.09326075755108745
1140, 0.09326075755108745
1141, 0.09326075755108745
1142, 0.09326075755108745
1143, 0.09326075755108745
1144, 0.09326075755108745
1145, 0.09326075755108745
1146, 0.09326075755108745
1147, 0.09326075755108745
1148, 0.09326075755108745
1149, 0.09326075755108745
1150, 0.09326075755108745
1151, 0.09326075755108745
1152, 0.09326075755108745
1153, 0.09326075755108745
1154, 0.09326075755108745
1155, 0.09326075755108745
1156, 0.09326075755108745
1157, 0.09326075755108745
1158, 0.09326075755108745
1159, 0.09326075755108745
1160, 0.09326075755108745
1161, 0.09326075755108745
1162, 0.09326075755108745
1163, 0.09326075755108745
1164, 0.09326075755108745
1165, 0.09326075755108745
1166, 0.09326075755108745
1167, 0.09326075755108745
1168, 0.09326075755108745
1169, 0.09326075755108745
1170, 0.09326075755108745
1171, 0.09326075755108745
1172, 0.09326075755108745
1173, 0.09326075755108745
1174, 0.09326075755108745
1175, 0.09326075755108745
1176, 0.09326075755108745
1177, 0.09326075755108745
1178, 0.09326075755108745
1179, 0.09326075755108745
1180, 0.09326075755108745
1181, 0.09326075755108745
1182, 0.09326075755108745
1183, 0.09326075755108745
1184, 0.09326075755108745
1185, 0.09326075755108745
1186, 0.09326075755108745
1187, 0.09326075755108745
1188, 0.09326075755108745
1189, 0.09326075755108745
1190, 0.09326075755108745
1191, 0.09326075755108745
1192, 0.09326075755108745
1193, 0.09326075755108745
1194, 0.09326075755108745
1195, 0.09326075755108745
1196, 0.09326075755108745
1197, 0.09326075755108745
1198, 0.09326075755108745
1199, 0.09326075755108745
1200, 0.09326075755108745
1201, 0.09326075755108745
1202, 0.09326075755108745
1203, 0.09326075755108745
1204, 0.09326075755108745
1205, 0.09326075755108745
1206, 0.09326075755108745
1207, 0.09326075755108745
1208, 0.09326075755108745
1209, 0.09326075755108745
1210, 0.09326075755108745
1211, 0.09326075755108745
1212, 0.09326075755108745
1213, 0.09326075755108745
1214, 0.09326075755108745
1215, 0.09326075755108745
1216, 0.09326075755108745
1217, 0.09326075755108745
1218, 0.09326075755108745
1219, 0.09326075755108745
1220, 0.09326075755108745
1221, 0.09326075755108745
1222, 0.09326075755108745
1223, 0.09326075755108745
1224, 0.09326075755108745
1225, 0.09326075755108745
1226, 0.09326075755108745
1227, 0.09326075755108745
1228, 0.09326075755108745
1229, 0.09326075755108745
1230, 0.09326075755108745
1231, 0.09326075755108745
1232, 0.09343831610569829
1233, 0.09343831610569829
1234, 0.09343831610569829
1235, 0.09343831610569829
1236, 0.09343831610569829
1237, 0.09343831610569829
1238, 0.09343831610569829
1239, 0.09343831610569829
1240, 0.09343831610569829
1241, 0.09343831610569829
1242, 0.09343831610569829
1243, 0.09343831610569829
1244, 0.09343831610569829
1245, 0.09343831610569829
1246, 0.09343831610569829
1247, 0.09343831610569829
1248, 0.09343831610569829
1249, 0.09343831610569829
1250, 0.09343831610569829
1251, 0.09343831610569829
1252, 0.09343831610569829
1253, 0.09343831610569829
1254, 0.09343831610569829
1255, 0.09343831610569829
1256, 0.09343831610569829
1257, 0.09343831610569829
1258, 0.09343831610569829
1259, 0.09343831610569829
1260, 0.09343831610569829
1261, 0.09343831610569829
1262, 0.09343831610569829
1263, 0.09343831610569829
1264, 0.09343831610569829
1265, 0.09343831610569829
1266, 0.09343831610569829
1267, 0.09343831610569829
1268, 0.09343831610569829
1269, 0.09343831610569829
1270, 0.09343831610569829
1271, 0.09437730099369958
1272, 0.09437730099369958
1273, 0.09437730099369958
1274, 0.09437730099369958
1275, 0.09437730099369958
1276, 0.09437730099369958
1277, 0.09437730099369958
1278, 0.09644046959481099
1279, 0.09644046959481099
1280, 0.09644046959481099
1281, 0.09644046959481099
1282, 0.09644046959481099
1283, 0.09644046959481099
1284, 0.09644046959481099
1285, 0.09644046959481099
1286, 0.09644046959481099
1287, 0.09692473240618897
1288, 0.09692473240618897
1289, 0.09692473240618897
1290, 0.09692473240618897
1291, 0.09692473240618897
1292, 0.09692473240618897
1293, 0.09692473240618897
1294, 0.09692473240618897
1295, 0.09692473240618897
1296, 0.09692473240618897
1297, 0.09692473240618897
1298, 0.09692473240618897
1299, 0.09692473240618897
1300, 0.09692473240618897
1301, 0.09692473240618897
1302, 0.09692473240618897
1303, 0.09692473240618897
1304, 0.09692473240618897
1305, 0.09692473240618897
1306, 0.09692473240618897
1307, 0.09692473240618897
1308, 0.09692473240618897
1309, 0.09692473240618897
1310, 0.09692473240618897
1311, 0.09692473240618897
1312, 0.09692473240618897
1313, 0.09692473240618897
1314, 0.09692473240618897
1315, 0.09692473240618897
1316, 0.09692473240618897
1317, 0.09692473240618897
1318, 0.09692473240618897
1319, 0.09692473240618897
1320, 0.09692473240618897
1321, 0.09692473240618897
1322, 0.09692473240618897
1323, 0.09692473240618897
1324, 0.09692473240618897
1325, 0.09692473240618897
1326, 0.09692473240618897
1327, 0.09692473240618897
1328, 0.09692473240618897
1329, 0.09692473240618897
1330, 0.09692473240618897
1331, 0.09692473240618897
1332, 0.09692473240618897
1333, 0.09692473240618897
1334, 0.09692473240618897
1335, 0.09692473240618897
1336, 0.09692473240618897
1337, 0.09692473240618897
1338, 0.09692473240618897
1339, 0.09692473240618897
1340, 0.09692473240618897
1341, 0.09692473240618897
1342, 0.09692473240618897
1343, 0.09692473240618897
1344, 0.09692473240618897
1345, 0.09692473240618897
1346, 0.09692473240618897
1347, 0.09692473240618897
1348, 0.09692473240618897
1349, 0.09692473240618897
1350, 0.09692473240618897
1351, 0.09692473240618897
1352, 0.09692473240618897
1353, 0.09692473240618897
1354, 0.09692473240618897
1355, 0.09692473240618897
1356, 0.09692473240618897
1357, 0.09692473240618897
1358, 0.09692473240618897
1359, 0.09692473240618897
1360, 0.09692473240618897
1361, 0.09692473240618897
1362, 0.09692473240618897
1363, 0.09692473240618897
1364, 0.09692473240618897
1365, 0.09692473240618897
1366, 0.09692473240618897
1367, 0.09692473240618897
1368, 0.09692473240618897
1369, 0.09692473240618897
1370, 0.09692473240618897
1371, 0.09692473240618897
1372, 0.09692473240618897
1373, 0.09692473240618897
1374, 0.09692473240618897
1375, 0.09692473240618897
1376, 0.09692473240618897
1377, 0.09692473240618897
1378, 0.09692473240618897
1379, 0.09692473240618897
1380, 0.09692473240618897
1381, 0.09692473240618897
1382, 0.09692473240618897
1383, 0.09692473240618897
1384, 0.09692473240618897
1385, 0.09692473240618897
1386, 0.09692473240618897
1387, 0.09692473240618897
1388, 0.09692473240618897
1389, 0.09692473240618897
1390, 0.09692473240618897
1391, 0.09692473240618897
1392, 0.09692473240618897
1393, 0.09692473240618897
1394, 0.09692473240618897
1395, 0.09692473240618897
1396, 0.09692473240618897
1397, 0.09692473240618897
1398, 0.09692473240618897
1399, 0.09692473240618897
1400, 0.09692473240618897
1401, 0.09692473240618897
1402, 0.09692473240618897
1403, 0.09692473240618897
1404, 0.09692473240618897
1405, 0.09692473240618897
1406, 0.09692473240618897
1407, 0.09692473240618897
1408, 0.09692473240618897
1409, 0.09692473240618897
1410, 0.09692473240618897
1411, 0.09692473240618897
1412, 0.09692473240618897
1413, 0.09692473240618897
1414, 0.09692473240618897
1415, 0.09692473240618897
1416, 0.09692473240618897
1417, 0.09692473240618897
1418, 0.09692473240618897
1419, 0.09692473240618897
1420, 0.09692473240618897
1421, 0.09692473240618897
1422, 0.09692473240618897
1423, 0.09692473240618897
1424, 0.09692473240618897
1425, 0.09692473240618897
1426, 0.09692473240618897
1427, 0.09692473240618897
1428, 0.09692473240618897
1429, 0.09692473240618897
1430, 0.09692473240618897
1431, 0.09692473240618897
1432, 0.09692473240618897
1433, 0.09692473240618897
1434, 0.09692473240618897
1435, 0.09692473240618897
1436, 0.09692473240618897
1437, 0.09692473240618897
1438, 0.09692473240618897
1439, 0.09692473240618897
1440, 0.09692473240618897
1441, 0.0980111835471507
1442, 0.0980111835471507
1443, 0.0980111835471507
1444, 0.0980111835471507
1445, 0.0980111835471507
1446, 0.0980111835471507
1447, 0.0980111835471507
1448, 0.0980111835471507
1449, 0.0980111835471507
1450, 0.0980111835471507
1451, 0.0980111835471507
1452, 0.0980111835471507
1453, 0.0980111835471507
1454, 0.0980111835471507
1455, 0.0980111835471507
1456, 0.0980111835471507
1457, 0.0980111835471507
1458, 0.0980111835471507
1459, 0.0980111835471507
1460, 0.0980111835471507
1461, 0.0980111835471507
1462, 0.0980111835471507
1463, 0.0980111835471507
1464, 0.0980111835471507
1465, 0.0980111835471507
1466, 0.0980111835471507
1467, 0.0980111835471507
1468, 0.0980111835471507
1469, 0.0980111835471507
1470, 0.0980111835471507
1471, 0.0980111835471507
1472, 0.0980111835471507
1473, 0.0980111835471507
1474, 0.0980111835471507
1475, 0.0980111835471507
1476, 0.0980111835471507
1477, 0.0980111835471507
1478, 0.0980111835471507
1479, 0.0980111835471507
1480, 0.0980111835471507
1481, 0.0980111835471507
1482, 0.0980111835471507
1483, 0.0980111835471507
1484, 0.0980111835471507
1485, 0.0980111835471507
1486, 0.0980111835471507
1487, 0.0980111835471507
1488, 0.0980111835471507
1489, 0.0980111835471507
1490, 0.0980111835471507
1491, 0.0980111835471507
1492, 0.0980111835471507
1493, 0.0980111835471507
1494, 0.0980111835471507
1495, 0.0980111835471507
1496, 0.0980111835471507
1497, 0.0980111835471507
1498, 0.0980111835471507
1499, 0.0980111835471507
1500, 0.0980111835471507
1501, 0.0980111835471507
1502, 0.0980111835471507
1503, 0.0980111835471507
1504, 0.0980111835471507
1505, 0.0980111835471507
1506, 0.0980111835471507
1507, 0.0980111835471507
1508, 0.0980111835471507
1509, 0.0980111835471507
1510, 0.0980111835471507
1511, 0.0980111835471507
1512, 0.0980111835471507
1513, 0.0980111835471507
1514, 0.0980111835471507
1515, 0.0980111835471507
1516, 0.0980111835471507
1517, 0.0980111835471507
1518, 0.0980111835471507
1519, 0.0980111835471507
1520, 0.0980111835471507
1521, 0.0980111835471507
1522, 0.0980111835471507
1523, 0.0980111835471507
1524, 0.0980111835471507
1525, 0.0980111835471507
1526, 0.0980111835471507
1527, 0.0980111835471507
1528, 0.0980111835471507
1529, 0.0980111835471507
1530, 0.0980111835471507
1531, 0.0980111835471507
1532, 0.0980111835471507
1533, 0.0980111835471507
1534, 0.0980111835471507
1535, 0.0980111835471507
1536, 0.0980111835471507
1537, 0.0980111835471507
1538, 0.0980111835471507
1539, 0.0980111835471507
1540, 0.0980111835471507
1541, 0.0980111835471507
1542, 0.0980111835471507
1543, 0.0980111835471507
1544, 0.0980111835471507
1545, 0.0980111835471507
1546, 0.0980111835471507
1547, 0.0980111835471507
1548, 0.0980111835471507
1549, 0.0980111835471507
1550, 0.0980111835471507
1551, 0.0980111835471507
1552, 0.0980111835471507
1553, 0.0980111835471507
1554, 0.0980111835471507
1555, 0.0980111835471507
1556, 0.0980111835471507
1557, 0.0980111835471507
1558, 0.0980111835471507
1559, 0.0980111835471507
1560, 0.0980111835471507
1561, 0.0980111835471507
1562, 0.0980111835471507
1563, 0.0980111835471507
1564, 0.0980111835471507
1565, 0.0980111835471507
1566, 0.0980111835471507
1567, 0.0980111835471507
1568, 0.0980111835471507
1569, 0.0980111835471507
1570, 0.0980111835471507
1571, 0.0980111835471507
1572, 0.0980111835471507
1573, 0.0980111835471507
1574, 0.0980111835471507
1575, 0.0980111835471507
1576, 0.0980111835471507
1577, 0.0980111835471507
1578, 0.0980111835471507
1579, 0.0980111835471507
1580, 0.0980111835471507
1581, 0.0980111835471507
1582, 0.0980111835471507
1583, 0.0980111835471507
1584, 0.0980111835471507
1585, 0.0980111835471507
1586, 0.0980111835471507
1587, 0.0980111835471507
1588, 0.0980111835471507
1589, 0.0980111835471507
1590, 0.0980111835471507
1591, 0.0980111835471507
1592, 0.0980111835471507
1593, 0.0980111835471507
1594, 0.0980111835471507
1595, 0.0980111835471507
1596, 0.0980111835471507
1597, 0.0980111835471507
1598, 0.0980111835471507
1599, 0.0980111835471507
1600, 0.0980111835471507
1601, 0.0980111835471507
1602, 0.0980111835471507
1603, 0.0980111835471507
1604, 0.0980111835471507
1605, 0.0980111835471507
1606, 0.0980111835471507
1607, 0.0980111835471507
1608, 0.0980111835471507
1609, 0.0980111835471507
1610, 0.0980111835471507
1611, 0.0980111835471507
1612, 0.0980111835471507
1613, 0.0980111835471507
1614, 0.0980111835471507
1615, 0.0980111835471507
1616, 0.0980111835471507
1617, 0.0980111835471507
1618, 0.0980111835471507
1619, 0.0980111835471507
1620, 0.0980111835471507
1621, 0.0980111835471507
1622, 0.0980111835471507
1623, 0.0980111835471507
1624, 0.0980111835471507
1625, 0.0980111835471507
1626, 0.0980111835471507
1627, 0.0980111835471507
1628, 0.0980111835471507
1629, 0.0980111835471507
1630, 0.0980111835471507
1631, 0.0980111835471507
1632, 0.0980111835471507
1633, 0.0980111835471507
1634, 0.0980111835471507
1635, 0.0980111835471507
1636, 0.0980111835471507
1637, 0.0980111835471507
1638, 0.0980111835471507
1639, 0.0980111835471507
1640, 0.0980111835471507
1641, 0.0980111835471507
1642, 0.0980111835471507
1643, 0.0980111835471507
1644, 0.0980111835471507
1645, 0.0980111835471507
1646, 0.0980111835471507
1647, 0.0980111835471507
1648, 0.0980111835471507
1649, 0.0980111835471507
1650, 0.0980111835471507
1651, 0.0980111835471507
1652, 0.0980111835471507
1653, 0.0980111835471507
1654, 0.0980111835471507
1655, 0.0980111835471507
1656, 0.0980111835471507
1657, 0.0980111835471507
1658, 0.0980111835471507
1659, 0.0980111835471507
1660, 0.0980111835471507
1661, 0.0980111835471507
1662, 0.0980111835471507
1663, 0.0980111835471507
1664, 0.0980111835471507
1665, 0.0980111835471507
1666, 0.0980111835471507
1667, 0.0980111835471507
1668, 0.0980111835471507
1669, 0.0980111835471507
1670, 0.0980111835471507
1671, 0.0980111835471507
1672, 0.0980111835471507
1673, 0.0980111835471507
1674, 0.0980111835471507
1675, 0.0980111835471507
1676, 0.0980111835471507
1677, 0.0980111835471507
1678, 0.0980111835471507
1679, 0.0980111835471507
1680, 0.0980111835471507
1681, 0.0980111835471507
1682, 0.0980111835471507
1683, 0.0980111835471507
1684, 0.0980111835471507
1685, 0.0980111835471507
1686, 0.0980111835471507
1687, 0.0980111835471507
1688, 0.0980111835471507
1689, 0.0980111835471507
1690, 0.0980111835471507
1691, 0.0980111835471507
1692, 0.0980111835471507
1693, 0.0980111835471507
1694, 0.0980111835471507
1695, 0.0980111835471507
1696, 0.0980111835471507
1697, 0.0980111835471507
1698, 0.0980111835471507
1699, 0.0980111835471507
1700, 0.0980111835471507
1701, 0.0980111835471507
1702, 0.0980111835471507
1703, 0.0980111835471507
1704, 0.0980111835471507
1705, 0.0980111835471507
1706, 0.0980111835471507
1707, 0.0980111835471507
1708, 0.0980111835471507
1709, 0.0980111835471507
1710, 0.0980111835471507
1711, 0.0980111835471507
1712, 0.0980111835471507
1713, 0.0980111835471507
1714, 0.0980111835471507
1715, 0.0980111835471507
1716, 0.0980111835471507
1717, 0.0980111835471507
1718, 0.0980111835471507
1719, 0.0980111835471507
1720, 0.0980111835471507
1721, 0.0980111835471507
1722, 0.0980111835471507
1723, 0.0980111835471507
1724, 0.0980111835471507
1725, 0.0980111835471507
1726, 0.0980111835471507
1727, 0.0980111835471507
1728, 0.0980111835471507
1729, 0.0980111835471507
1730, 0.0980111835471507
1731, 0.0980111835471507
1732, 0.0980111835471507
1733, 0.0980111835471507
1734, 0.0980111835471507
1735, 0.0980111835471507
1736, 0.0980111835471507
1737, 0.0980111835471507
1738, 0.0980111835471507
1739, 0.0980111835471507
1740, 0.0980111835471507
1741, 0.0980111835471507
1742, 0.0980111835471507
1743, 0.0980111835471507
1744, 0.0980111835471507
1745, 0.0980111835471507
1746, 0.0980111835471507
1747, 0.0980111835471507
1748, 0.0980111835471507
1749, 0.0980111835471507
1750, 0.0980111835471507
1751, 0.0980111835471507
1752, 0.0980111835471507
1753, 0.09804538685025342
1754, 0.09804538685025342
1755, 0.09804538685025342
1756, 0.09804538685025342
1757, 0.09804538685025342
1758, 0.09804538685025342
1759, 0.09804538685025342
1760, 0.09804538685025342
1761, 0.09804538685025342
1762, 0.09804538685025342
1763, 0.09804538685025342
1764, 0.09804538685025342
1765, 0.09804538685025342
1766, 0.09804538685025342
1767, 0.09804538685025342
1768, 0.09804538685025342
1769, 0.09804538685025342
1770, 0.09804538685025342
1771, 0.09804538685025342
1772, 0.09804538685025342
1773, 0.09804538685025342
1774, 0.09804538685025342
1775, 0.09804538685025342
1776, 0.09804538685025342
1777, 0.09804538685025342
1778, 0.09804538685025342
1779, 0.09804538685025342
1780, 0.09804538685025342
1781, 0.09804538685025342
1782, 0.09804538685025342
1783, 0.09804538685025342
1784, 0.09804538685025342
1785, 0.09804538685025342
1786, 0.09804538685025342
1787, 0.09804538685025342
1788, 0.09804538685025342
1789, 0.09804538685025342
1790, 0.09804538685025342
1791, 0.09804538685025342
1792, 0.09804538685025342
1793, 0.09804538685025342
1794, 0.09804538685025342
1795, 0.09804538685025342
1796, 0.09804538685025342
1797, 0.09804538685025342
1798, 0.09804538685025342
1799, 0.09804538685025342
1800, 0.09804538685025342
1801, 0.09804538685025342
1802, 0.09804538685025342
1803, 0.09804538685025342
1804, 0.09804538685025342
1805, 0.09804538685025342
1806, 0.09804538685025342
1807, 0.09804538685025342
1808, 0.09804538685025342
1809, 0.09804538685025342
1810, 0.09804538685025342
1811, 0.09804538685025342
1812, 0.09804538685025342
1813, 0.09804538685025342
1814, 0.09804538685025342
1815, 0.09804538685025342
1816, 0.09804538685025342
1817, 0.09804538685025342
1818, 0.09804538685025342
1819, 0.09804538685025342
1820, 0.09804538685025342
1821, 0.09804538685025342
1822, 0.09804538685025342
1823, 0.09804538685025342
1824, 0.09804538685025342
1825, 0.09804538685025342
1826, 0.09804538685025342
1827, 0.09804538685025342
1828, 0.09804538685025342
1829, 0.09804538685025342
1830, 0.09804538685025342
1831, 0.09804538685025342
1832, 0.09804538685025342
1833, 0.09804538685025342
1834, 0.09804538685025342
1835, 0.09804538685025342
1836, 0.09804538685025342
1837, 0.09804538685025342
1838, 0.09804538685025342
1839, 0.09804538685025342
1840, 0.09804538685025342
1841, 0.09804538685025342
1842, 0.09804538685025342
1843, 0.09804538685025342
1844, 0.09804538685025342
1845, 0.09804538685025342
1846, 0.09804538685025342
1847, 0.09804538685025342
1848, 0.09804538685025342
1849, 0.09804538685025342
1850, 0.09804538685025342
1851, 0.09804538685025342
1852, 0.09804538685025342
1853, 0.09804538685025342
1854, 0.09804538685025342
1855, 0.09804538685025342
1856, 0.09804538685025342
1857, 0.09804538685025342
1858, 0.09804538685025342
1859, 0.09804538685025342
1860, 0.09804538685025342
1861, 0.09804538685025342
1862, 0.09804538685025342
1863, 0.09804538685025342
1864, 0.09804538685025342
1865, 0.09804538685025342
1866, 0.09804538685025342
1867, 0.09804538685025342
1868, 0.09804538685025342
1869, 0.09804538685025342
1870, 0.09804538685025342
1871, 0.09804538685025342
1872, 0.09804538685025342
1873, 0.09804538685025342
1874, 0.09804538685025342
1875, 0.09804538685025342
1876, 0.09804538685025342
1877, 0.09804538685025342
1878, 0.09804538685025342
1879, 0.09804538685025342
1880, 0.09804538685025342
1881, 0.09804538685025342
1882, 0.09804538685025342
1883, 0.09804538685025342
1884, 0.09804538685025342
1885, 0.09804538685025342
1886, 0.09804538685025342
1887, 0.09804538685025342
1888, 0.09804538685025342
1889, 0.09804538685025342
1890, 0.09804538685025342
1891, 0.09804538685025342
1892, 0.09804538685025342
1893, 0.09804538685025342
1894, 0.09804538685025342
1895, 0.09804538685025342
1896, 0.09804538685025342
1897, 0.09804538685025342
1898, 0.09804538685025342
1899, 0.09804538685025342
1900, 0.09804538685025342
1901, 0.09804538685025342
1902, 0.09804538685025342
1903, 0.09804538685025342
1904, 0.09804538685025342
1905, 0.09804538685025342
1906, 0.09804538685025342
1907, 0.09804538685025342
1908, 0.09804538685025342
1909, 0.09804538685025342
1910, 0.09804538685025342
1911, 0.09804538685025342
1912, 0.09804538685025342
1913, 0.09804538685025342
1914, 0.09804538685025342
1915, 0.09804538685025342
1916, 0.09804538685025342
1917, 0.09804538685025342
1918, 0.09804538685025342
1919, 0.09804538685025342
1920, 0.09804538685025342
1921, 0.09804538685025342
1922, 0.09804538685025342
1923, 0.09804538685025342
1924, 0.09804538685025342
1925, 0.09804538685025342
1926, 0.09804538685025342
1927, 0.09804538685025342
1928, 0.09804538685025342
1929, 0.09804538685025342
1930, 0.09804538685025342
1931, 0.09804538685025342
1932, 0.09804538685025342
1933, 0.09804538685025342
1934, 0.09804538685025342
1935, 0.09804538685025342
1936, 0.09804538685025342
1937, 0.09804538685025342
1938, 0.09804538685025342
1939, 0.09804538685025342
1940, 0.09804538685025342
1941, 0.09804538685025342
1942, 0.09804538685025342
1943, 0.09804538685025342
1944, 0.09804538685025342
1945, 0.09804538685025342
1946, 0.09804538685025342
1947, 0.09804538685025342
1948, 0.09804538685025342
1949, 0.09804538685025342
1950, 0.09804538685025342
1951, 0.09804538685025342
1952, 0.09804538685025342
1953, 0.09804538685025342
1954, 0.09804538685025342
1955, 0.09804538685025342
1956, 0.09804538685025342
1957, 0.09804538685025342
1958, 0.09804538685025342
1959, 0.09804538685025342
1960, 0.09804538685025342
1961, 0.09804538685025342
1962, 0.09804538685025342
1963, 0.09804538685025342
1964, 0.09804538685025342
1965, 0.09804538685025342
1966, 0.09804538685025342
1967, 0.09804538685025342
1968, 0.09804538685025342
1969, 0.09804538685025342
1970, 0.09804538685025342
1971, 0.09804538685025342
1972, 0.09804538685025342
1973, 0.09804538685025342
1974, 0.09804538685025342
1975, 0.09804538685025342
1976, 0.09804538685025342
1977, 0.09804538685025342
1978, 0.09804538685025342
1979, 0.09804538685025342
1980, 0.09804538685025342
1981, 0.09804538685025342
1982, 0.09804538685025342
1983, 0.09804538685025342
1984, 0.09804538685025342
1985, 0.09804538685025342
1986, 0.09804538685025342
1987, 0.09804538685025342
1988, 0.09804538685025342
1989, 0.09804538685025342
1990, 0.09804538685025342
1991, 0.09804538685025342
1992, 0.09804538685025342
1993, 0.09804538685025342
1994, 0.09804538685025342
1995, 0.09804538685025342
1996, 0.09804538685025342
1997, 0.09804538685025342
1998, 0.09804538685025342
1999, 0.09804538685025342
